[24/11/2024 14:23:58:173] [SUCESSO] Listagem de todos os buckets com sucesso.
[24/11/2024 14:24:04:173] [SUCESSO] Listagem de todos os objetos do bucket s3-tree-technology-teste com sucesso.
[24/11/2024 14:30:49:173] [SUCESSO] Listagem de todos os buckets com sucesso.
[24/11/2024 14:30:51:173] [SUCESSO] Listagem de todos os objetos do bucket s3-tree-technology-teste com sucesso.
[24/11/2024 14:31:44:173] [SUCESSO] Insercao dos dados na tabela acidente_transito feita com sucesso!
[24/11/2024 14:31:46:173] [SUCESSO] Insercao dos dados na tabela acidente_transito feita com sucesso!
[24/11/2024 14:31:48:173] [SUCESSO] Insercao dos dados na tabela acidente_transito feita com sucesso!
[24/11/2024 14:31:49:173] [SUCESSO] Insercao dos dados na tabela acidente_transito feita com sucesso!
[24/11/2024 14:31:50:173] [SUCESSO] Insercao dos dados na tabela acidente_transito feita com sucesso!
[24/11/2024 14:31:51:173] [SUCESSO] Insercao dos dados na tabela acidente_transito feita com sucesso!
[24/11/2024 14:31:52:173] [SUCESSO] Insercao dos dados na tabela acidente_transito feita com sucesso!
[24/11/2024 14:31:53:173] [SUCESSO] Insercao dos dados na tabela acidente_transito feita com sucesso!
[24/11/2024 14:31:54:173] [SUCESSO] Insercao dos dados na tabela acidente_transito feita com sucesso!
[24/11/2024 14:31:56:173] [SUCESSO] Insercao dos dados na tabela acidente_transito feita com sucesso!
[24/11/2024 14:31:57:173] [SUCESSO] Insercao dos dados na tabela acidente_transito feita com sucesso!
[24/11/2024 14:32:01:173] [SUCESSO] Insercao dos dados na tabela acidente_transito feita com sucesso!
[24/11/2024 14:32:04:173] [SUCESSO] Insercao dos dados na tabela acidente_transito feita com sucesso!
[24/11/2024 14:32:06:173] [SUCESSO] Insercao dos dados na tabela acidente_transito feita com sucesso!
[24/11/2024 14:32:07:173] [SUCESSO] Insercao dos dados na tabela acidente_transito feita com sucesso!
[24/11/2024 14:32:08:173] [SUCESSO] Insercao dos dados na tabela acidente_transito feita com sucesso!
[24/11/2024 14:32:10:173] [SUCESSO] Insercao dos dados na tabela acidente_transito feita com sucesso!
[24/11/2024 14:32:10:173] [SUCESSO] Insercao dos dados na tabela acidente_transito feita com sucesso!
[24/11/2024 14:32:11:173] [SUCESSO] Insercao dos dados na tabela acidente_transito feita com sucesso!
[24/11/2024 14:32:12:173] [SUCESSO] Insercao dos dados na tabela acidente_transito feita com sucesso!
[24/11/2024 14:32:12:173] [SUCESSO] Insercao dos dados na tabela acidente_transito feita com sucesso!
[24/11/2024 14:32:13:173] [SUCESSO] Insercao dos dados na tabela acidente_transito feita com sucesso!
[24/11/2024 14:32:14:173] [SUCESSO] Insercao dos dados na tabela acidente_transito feita com sucesso!
[24/11/2024 14:32:15:173] [SUCESSO] Insercao dos dados na tabela acidente_transito feita com sucesso!
[24/11/2024 14:32:16:173] [SUCESSO] Insercao dos dados na tabela acidente_transito feita com sucesso!
[24/11/2024 14:32:17:173] [SUCESSO] Insercao dos dados na tabela acidente_transito feita com sucesso!
[24/11/2024 14:32:18:173] [SUCESSO] Insercao dos dados na tabela acidente_transito feita com sucesso!
[24/11/2024 14:32:19:173] [SUCESSO] Insercao dos dados na tabela acidente_transito feita com sucesso!
[24/11/2024 14:32:19:173] [SUCESSO] Insercao dos dados na tabela acidente_transito feita com sucesso!
[24/11/2024 14:32:19:173] [SUCESSO] Insercao dos dados na tabela acidente_transito feita com sucesso!
[24/11/2024 14:32:19:173] [SUCESSO] Insercao dos dados na tabela acidente_transito feita com sucesso!
[24/11/2024 14:32:20:173] [SUCESSO] Insercao dos dados na tabela acidente_transito feita com sucesso!
[24/11/2024 14:32:20:173] [SUCESSO] Insercao dos dados na tabela acidente_transito feita com sucesso!
[24/11/2024 14:32:20:173] [SUCESSO] Insercao dos dados na tabela acidente_transito feita com sucesso!
[24/11/2024 14:32:21:173] [SUCESSO] Insercao dos dados na tabela acidente_transito feita com sucesso!
[24/11/2024 14:32:21:173] [SUCESSO] Insercao dos dados na tabela acidente_transito feita com sucesso!
[24/11/2024 14:32:22:173] [SUCESSO] Insercao dos dados na tabela acidente_transito feita com sucesso!
[24/11/2024 14:32:23:173] [SUCESSO] Insercao dos dados na tabela acidente_transito feita com sucesso!
[24/11/2024 14:32:23:173] [SUCESSO] Insercao dos dados na tabela acidente_transito feita com sucesso!
[24/11/2024 14:32:24:173] [SUCESSO] Insercao dos dados na tabela acidente_transito feita com sucesso!
[24/11/2024 14:32:24:173] [SUCESSO] Insercao dos dados na tabela acidente_transito feita com sucesso!
[24/11/2024 14:32:24:173] [SUCESSO] Insercao dos dados na tabela acidente_transito feita com sucesso!
[24/11/2024 14:32:24:173] [SUCESSO] Insercao dos dados na tabela acidente_transito feita com sucesso!
[24/11/2024 14:32:25:173] [SUCESSO] Insercao dos dados na tabela acidente_transito feita com sucesso!
[24/11/2024 14:32:25:173] [SUCESSO] Insercao dos dados na tabela acidente_transito feita com sucesso!
[24/11/2024 14:32:26:173] [SUCESSO] Insercao dos dados na tabela acidente_transito feita com sucesso!
[24/11/2024 14:32:26:173] [SUCESSO] Insercao dos dados na tabela acidente_transito feita com sucesso!
[24/11/2024 14:32:27:173] [SUCESSO] Insercao dos dados na tabela acidente_transito feita com sucesso!
[24/11/2024 14:32:27:173] [SUCESSO] Insercao dos dados na tabela acidente_transito feita com sucesso!
[24/11/2024 14:32:27:173] [SUCESSO] Insercao dos dados na tabela acidente_transito feita com sucesso!
[24/11/2024 14:32:28:173] [SUCESSO] Insercao dos dados na tabela acidente_transito feita com sucesso!
[24/11/2024 14:32:28:173] [SUCESSO] Insercao dos dados na tabela acidente_transito feita com sucesso!
[24/11/2024 14:32:29:173] [SUCESSO] Insercao dos dados na tabela acidente_transito feita com sucesso!
[24/11/2024 14:32:30:173] [SUCESSO] Insercao dos dados na tabela acidente_transito feita com sucesso!
[24/11/2024 14:32:30:173] [SUCESSO] Insercao dos dados na tabela acidente_transito feita com sucesso!
[24/11/2024 14:32:31:173] [SUCESSO] Insercao dos dados na tabela acidente_transito feita com sucesso!
[24/11/2024 14:32:31:173] [SUCESSO] Insercao dos dados na tabela acidente_transito feita com sucesso!
[24/11/2024 14:32:31:173] [SUCESSO] Insercao dos dados na tabela acidente_transito feita com sucesso!
[24/11/2024 14:32:32:173] [SUCESSO] Insercao dos dados na tabela acidente_transito feita com sucesso!
[24/11/2024 14:32:32:173] [SUCESSO] Insercao dos dados na tabela acidente_transito feita com sucesso!
[24/11/2024 14:32:32:173] [SUCESSO] Insercao dos dados na tabela acidente_transito feita com sucesso!
[24/11/2024 14:32:32:173] [SUCESSO] Insercao dos dados na tabela acidente_transito feita com sucesso!
[24/11/2024 14:32:33:173] [SUCESSO] Insercao dos dados na tabela acidente_transito feita com sucesso!
[24/11/2024 14:32:33:173] [SUCESSO] Insercao dos dados na tabela acidente_transito feita com sucesso!
[24/11/2024 14:32:33:173] [SUCESSO] Insercao dos dados na tabela acidente_transito feita com sucesso!
[24/11/2024 14:32:33:173] [SUCESSO] Insercao dos dados na tabela acidente_transito feita com sucesso!
[24/11/2024 14:32:34:173] [SUCESSO] Insercao dos dados na tabela acidente_transito feita com sucesso!
[24/11/2024 14:32:34:173] [SUCESSO] Insercao dos dados na tabela acidente_transito feita com sucesso!
[24/11/2024 14:32:34:173] [SUCESSO] Insercao dos dados na tabela acidente_transito feita com sucesso!
[24/11/2024 14:32:35:173] [SUCESSO] Insercao dos dados na tabela acidente_transito feita com sucesso!
[24/11/2024 14:32:35:173] [SUCESSO] Insercao dos dados na tabela acidente_transito feita com sucesso!
[24/11/2024 14:32:35:173] [SUCESSO] Insercao dos dados na tabela acidente_transito feita com sucesso!
[24/11/2024 14:32:35:173] [SUCESSO] Insercao dos dados na tabela acidente_transito feita com sucesso!
[24/11/2024 14:32:36:173] [SUCESSO] Insercao dos dados na tabela acidente_transito feita com sucesso!
[24/11/2024 14:32:36:173] [SUCESSO] Insercao dos dados na tabela acidente_transito feita com sucesso!
[24/11/2024 14:32:36:173] [SUCESSO] Insercao dos dados na tabela acidente_transito feita com sucesso!
[24/11/2024 14:32:37:173] [SUCESSO] Insercao dos dados na tabela acidente_transito feita com sucesso!
[24/11/2024 14:32:37:173] [SUCESSO] Insercao dos dados na tabela acidente_transito feita com sucesso!
[24/11/2024 14:32:37:173] [SUCESSO] Insercao dos dados na tabela acidente_transito feita com sucesso!
[24/11/2024 14:32:38:173] [SUCESSO] Insercao dos dados na tabela acidente_transito feita com sucesso!
[24/11/2024 14:32:38:173] [SUCESSO] Insercao dos dados na tabela acidente_transito feita com sucesso!
[24/11/2024 14:32:38:173] [SUCESSO] Insercao dos dados na tabela acidente_transito feita com sucesso!
[24/11/2024 14:32:39:173] [SUCESSO] Insercao dos dados na tabela acidente_transito feita com sucesso!
[24/11/2024 14:32:39:173] [SUCESSO] Insercao dos dados na tabela acidente_transito feita com sucesso!
[24/11/2024 14:32:39:173] [SUCESSO] Insercao dos dados na tabela acidente_transito feita com sucesso!
[24/11/2024 14:32:40:173] [SUCESSO] Insercao dos dados na tabela acidente_transito feita com sucesso!
[24/11/2024 14:32:40:173] [SUCESSO] Insercao dos dados na tabela acidente_transito feita com sucesso!
[24/11/2024 14:32:40:173] [SUCESSO] Insercao dos dados na tabela acidente_transito feita com sucesso!
[24/11/2024 14:32:40:173] [SUCESSO] Insercao dos dados na tabela acidente_transito feita com sucesso!
[24/11/2024 14:32:41:173] [SUCESSO] Insercao dos dados na tabela acidente_transito feita com sucesso!
[24/11/2024 14:32:41:173] [SUCESSO] Insercao dos dados na tabela acidente_transito feita com sucesso!
[24/11/2024 14:32:41:173] [SUCESSO] Insercao dos dados na tabela acidente_transito feita com sucesso!
[24/11/2024 14:32:42:173] [SUCESSO] Insercao dos dados na tabela acidente_transito feita com sucesso!
[24/11/2024 14:32:42:173] [SUCESSO] Insercao dos dados na tabela acidente_transito feita com sucesso!
[24/11/2024 14:32:42:173] [SUCESSO] Insercao dos dados na tabela acidente_transito feita com sucesso!
[24/11/2024 14:32:43:173] [SUCESSO] Insercao dos dados na tabela acidente_transito feita com sucesso!
[24/11/2024 14:32:43:173] [SUCESSO] Insercao dos dados na tabela acidente_transito feita com sucesso!
[24/11/2024 14:32:43:173] [SUCESSO] Insercao dos dados na tabela acidente_transito feita com sucesso!
[24/11/2024 14:32:44:173] [SUCESSO] Insercao dos dados na tabela acidente_transito feita com sucesso!
[24/11/2024 14:32:44:173] [SUCESSO] Insercao dos dados na tabela acidente_transito feita com sucesso!
[24/11/2024 14:32:44:173] [SUCESSO] Insercao dos dados na tabela acidente_transito feita com sucesso!
[24/11/2024 14:32:45:173] [SUCESSO] Insercao dos dados na tabela acidente_transito feita com sucesso!
[24/11/2024 14:32:45:173] [SUCESSO] Insercao dos dados na tabela acidente_transito feita com sucesso!
[24/11/2024 14:32:45:173] [SUCESSO] Insercao dos dados na tabela acidente_transito feita com sucesso!
[24/11/2024 14:32:46:173] [SUCESSO] Insercao dos dados na tabela acidente_transito feita com sucesso!
[24/11/2024 14:32:46:173] [SUCESSO] Insercao dos dados na tabela acidente_transito feita com sucesso!
[24/11/2024 14:32:46:173] [SUCESSO] Insercao dos dados na tabela acidente_transito feita com sucesso!
[24/11/2024 14:32:46:173] [SUCESSO] Insercao dos dados na tabela acidente_transito feita com sucesso!
[24/11/2024 14:32:47:173] [SUCESSO] Insercao dos dados na tabela acidente_transito feita com sucesso!
[24/11/2024 14:32:47:173] [SUCESSO] Insercao dos dados na tabela acidente_transito feita com sucesso!
[24/11/2024 14:32:47:173] [SUCESSO] Insercao dos dados na tabela acidente_transito feita com sucesso!
[24/11/2024 14:32:48:173] [SUCESSO] Insercao dos dados na tabela acidente_transito feita com sucesso!
[24/11/2024 14:32:48:173] [SUCESSO] Insercao dos dados na tabela acidente_transito feita com sucesso!
[24/11/2024 14:32:48:173] [SUCESSO] Insercao dos dados na tabela acidente_transito feita com sucesso!
[24/11/2024 14:32:49:173] [SUCESSO] Insercao dos dados na tabela acidente_transito feita com sucesso!
[24/11/2024 14:32:49:173] [SUCESSO] Insercao dos dados na tabela acidente_transito feita com sucesso!
[24/11/2024 14:32:49:173] [SUCESSO] Insercao dos dados na tabela acidente_transito feita com sucesso!
[24/11/2024 14:32:50:173] [SUCESSO] Insercao dos dados na tabela acidente_transito feita com sucesso!
[24/11/2024 14:32:50:173] [SUCESSO] Insercao dos dados na tabela acidente_transito feita com sucesso!
[24/11/2024 14:32:51:173] [SUCESSO] Insercao dos dados na tabela acidente_transito feita com sucesso!
[24/11/2024 14:32:51:173] [SUCESSO] Insercao dos dados na tabela acidente_transito feita com sucesso!
[24/11/2024 14:32:51:173] [SUCESSO] Insercao dos dados na tabela acidente_transito feita com sucesso!
[24/11/2024 14:32:52:173] [SUCESSO] Insercao dos dados na tabela acidente_transito feita com sucesso!
[24/11/2024 14:32:52:173] [SUCESSO] Insercao dos dados na tabela acidente_transito feita com sucesso!
[24/11/2024 14:32:52:173] [SUCESSO] Insercao dos dados na tabela acidente_transito feita com sucesso!
[24/11/2024 14:32:52:173] [SUCESSO] Insercao dos dados na tabela acidente_transito feita com sucesso!
[24/11/2024 14:32:53:173] [SUCESSO] Insercao dos dados na tabela acidente_transito feita com sucesso!
[24/11/2024 14:32:53:173] [SUCESSO] Insercao dos dados na tabela acidente_transito feita com sucesso!
[24/11/2024 14:32:54:173] [SUCESSO] Insercao dos dados na tabela acidente_transito feita com sucesso!
[24/11/2024 14:32:54:173] [SUCESSO] Insercao dos dados na tabela acidente_transito feita com sucesso!
[24/11/2024 14:32:54:173] [SUCESSO] Insercao dos dados na tabela acidente_transito feita com sucesso!
[24/11/2024 14:32:55:173] [SUCESSO] Insercao dos dados na tabela acidente_transito feita com sucesso!
[24/11/2024 14:32:55:173] [SUCESSO] Insercao dos dados na tabela acidente_transito feita com sucesso!
[24/11/2024 14:32:55:173] [SUCESSO] Insercao dos dados na tabela acidente_transito feita com sucesso!
[24/11/2024 14:32:56:173] [SUCESSO] Insercao dos dados na tabela acidente_transito feita com sucesso!
[24/11/2024 14:32:56:173] [SUCESSO] Insercao dos dados na tabela acidente_transito feita com sucesso!
[24/11/2024 14:32:57:173] [SUCESSO] Insercao dos dados na tabela acidente_transito feita com sucesso!
[24/11/2024 14:32:57:173] [SUCESSO] Insercao dos dados na tabela acidente_transito feita com sucesso!
[24/11/2024 14:32:57:173] [SUCESSO] Insercao dos dados na tabela acidente_transito feita com sucesso!
[24/11/2024 14:32:58:173] [SUCESSO] Insercao dos dados na tabela acidente_transito feita com sucesso!
[24/11/2024 14:32:58:173] [SUCESSO] Insercao dos dados na tabela acidente_transito feita com sucesso!
[24/11/2024 14:32:59:173] [SUCESSO] Insercao dos dados na tabela acidente_transito feita com sucesso!
[24/11/2024 14:32:59:173] [SUCESSO] Insercao dos dados na tabela acidente_transito feita com sucesso!
[24/11/2024 14:32:59:173] [SUCESSO] Insercao dos dados na tabela acidente_transito feita com sucesso!
[24/11/2024 14:33:00:173] [SUCESSO] Insercao dos dados na tabela acidente_transito feita com sucesso!
[24/11/2024 14:33:00:173] [SUCESSO] Insercao dos dados na tabela acidente_transito feita com sucesso!
[24/11/2024 14:33:01:173] [SUCESSO] Insercao dos dados na tabela acidente_transito feita com sucesso!
[24/11/2024 14:33:01:173] [SUCESSO] Insercao dos dados na tabela acidente_transito feita com sucesso!
[24/11/2024 14:33:01:173] [SUCESSO] Insercao dos dados na tabela acidente_transito feita com sucesso!
[24/11/2024 14:33:02:173] [SUCESSO] Insercao dos dados na tabela acidente_transito feita com sucesso!
[24/11/2024 14:33:02:173] [SUCESSO] Insercao dos dados na tabela acidente_transito feita com sucesso!
[24/11/2024 14:33:03:173] [SUCESSO] Insercao dos dados na tabela acidente_transito feita com sucesso!
[24/11/2024 14:33:03:173] [SUCESSO] Insercao dos dados na tabela acidente_transito feita com sucesso!
[24/11/2024 14:33:03:173] [SUCESSO] Insercao dos dados na tabela acidente_transito feita com sucesso!
[24/11/2024 14:33:04:173] [SUCESSO] Insercao dos dados na tabela acidente_transito feita com sucesso!
[24/11/2024 14:33:04:173] [SUCESSO] Insercao dos dados na tabela acidente_transito feita com sucesso!
[24/11/2024 14:33:04:173] [SUCESSO] Insercao dos dados na tabela acidente_transito feita com sucesso!
[24/11/2024 14:33:05:173] [SUCESSO] Insercao dos dados na tabela acidente_transito feita com sucesso!
[24/11/2024 14:33:05:173] [SUCESSO] Insercao dos dados na tabela acidente_transito feita com sucesso!
[24/11/2024 14:33:05:173] [SUCESSO] Insercao dos dados na tabela acidente_transito feita com sucesso!
[24/11/2024 14:33:06:173] [SUCESSO] Insercao dos dados na tabela acidente_transito feita com sucesso!
[24/11/2024 14:33:06:173] [SUCESSO] Insercao dos dados na tabela acidente_transito feita com sucesso!
[24/11/2024 14:33:07:173] [SUCESSO] Insercao dos dados na tabela acidente_transito feita com sucesso!
[24/11/2024 14:33:07:173] [SUCESSO] Insercao dos dados na tabela acidente_transito feita com sucesso!
[24/11/2024 14:33:07:173] [SUCESSO] Insercao dos dados na tabela acidente_transito feita com sucesso!
[24/11/2024 14:33:08:173] [SUCESSO] Insercao dos dados na tabela acidente_transito feita com sucesso!
[24/11/2024 14:33:08:173] [SUCESSO] Insercao dos dados na tabela acidente_transito feita com sucesso!
[24/11/2024 14:33:08:173] [SUCESSO] Insercao dos dados na tabela acidente_transito feita com sucesso!
[24/11/2024 14:33:09:173] [SUCESSO] Insercao dos dados na tabela acidente_transito feita com sucesso!
[24/11/2024 14:33:09:173] [SUCESSO] Insercao dos dados na tabela acidente_transito feita com sucesso!
[24/11/2024 14:33:09:173] [SUCESSO] Insercao dos dados na tabela acidente_transito feita com sucesso!
[24/11/2024 14:33:10:173] [SUCESSO] Insercao dos dados na tabela acidente_transito feita com sucesso!
[24/11/2024 14:33:10:173] [SUCESSO] Insercao dos dados na tabela acidente_transito feita com sucesso!
[24/11/2024 14:33:11:173] [SUCESSO] Insercao dos dados na tabela acidente_transito feita com sucesso!
[24/11/2024 14:33:11:173] [SUCESSO] Insercao dos dados na tabela acidente_transito feita com sucesso!
[24/11/2024 14:33:11:173] [SUCESSO] Insercao dos dados na tabela acidente_transito feita com sucesso!
[24/11/2024 14:33:12:173] [SUCESSO] Insercao dos dados na tabela acidente_transito feita com sucesso!
[24/11/2024 14:33:12:173] [SUCESSO] Insercao dos dados na tabela acidente_transito feita com sucesso!
[24/11/2024 14:33:12:173] [SUCESSO] Insercao dos dados na tabela acidente_transito feita com sucesso!
[24/11/2024 14:33:13:173] [SUCESSO] Insercao dos dados na tabela acidente_transito feita com sucesso!
[24/11/2024 14:33:13:173] [SUCESSO] Insercao dos dados na tabela acidente_transito feita com sucesso!
[24/11/2024 14:33:14:173] [SUCESSO] Insercao dos dados na tabela acidente_transito feita com sucesso!
[24/11/2024 14:33:14:173] [SUCESSO] Insercao dos dados na tabela acidente_transito feita com sucesso!
[24/11/2024 14:33:14:173] [SUCESSO] Insercao dos dados na tabela acidente_transito feita com sucesso!
[24/11/2024 14:33:15:173] [SUCESSO] Insercao dos dados na tabela acidente_transito feita com sucesso!
[24/11/2024 14:33:15:173] [SUCESSO] Insercao dos dados na tabela acidente_transito feita com sucesso!
[24/11/2024 14:33:15:173] [SUCESSO] Insercao dos dados na tabela acidente_transito feita com sucesso!
[24/11/2024 14:33:15:173] [SUCESSO] Insercao dos dados na tabela acidente_transito feita com sucesso!
[24/11/2024 14:33:15:173] [SUCESSO] Insercao dos dados na tabela acidente_transito feita com sucesso!
[24/11/2024 14:33:16:173] [SUCESSO] Insercao dos dados na tabela acidente_transito feita com sucesso!
[24/11/2024 14:33:16:173] [SUCESSO] Insercao dos dados na tabela acidente_transito feita com sucesso!
[24/11/2024 14:33:16:173] [SUCESSO] Insercao dos dados na tabela acidente_transito feita com sucesso!
[24/11/2024 14:33:16:173] [SUCESSO] Insercao dos dados na tabela acidente_transito feita com sucesso!
[24/11/2024 14:33:16:173] [SUCESSO] Insercao dos dados na tabela acidente_transito feita com sucesso!
[24/11/2024 14:33:16:173] [SUCESSO] Insercao dos dados na tabela acidente_transito feita com sucesso!
[24/11/2024 14:33:16:173] [SUCESSO] Insercao dos dados na tabela acidente_transito feita com sucesso!
[24/11/2024 14:33:17:173] [SUCESSO] Insercao dos dados na tabela acidente_transito feita com sucesso!
[24/11/2024 14:33:17:173] [SUCESSO] Insercao dos dados na tabela acidente_transito feita com sucesso!
[24/11/2024 14:33:17:173] [SUCESSO] Insercao dos dados na tabela acidente_transito feita com sucesso!
[24/11/2024 14:33:17:173] [SUCESSO] Insercao dos dados na tabela acidente_transito feita com sucesso!
[24/11/2024 14:33:17:173] [SUCESSO] Insercao dos dados na tabela acidente_transito feita com sucesso!
[24/11/2024 14:33:17:173] [SUCESSO] Insercao dos dados na tabela acidente_transito feita com sucesso!
[24/11/2024 14:33:17:173] [SUCESSO] Insercao dos dados na tabela acidente_transito feita com sucesso!
[24/11/2024 14:33:17:173] [SUCESSO] Insercao dos dados na tabela acidente_transito feita com sucesso!
[24/11/2024 14:33:18:173] [SUCESSO] Insercao dos dados na tabela acidente_transito feita com sucesso!
[24/11/2024 14:33:18:173] [SUCESSO] Insercao dos dados na tabela acidente_transito feita com sucesso!
[24/11/2024 14:33:18:173] [SUCESSO] Insercao dos dados na tabela acidente_transito feita com sucesso!
[24/11/2024 14:33:18:173] [SUCESSO] Insercao dos dados na tabela acidente_transito feita com sucesso!
[24/11/2024 14:33:18:173] [SUCESSO] Insercao dos dados na tabela acidente_transito feita com sucesso!
[24/11/2024 14:33:18:173] [SUCESSO] Insercao dos dados na tabela acidente_transito feita com sucesso!
[24/11/2024 14:33:18:173] [SUCESSO] Insercao dos dados na tabela acidente_transito feita com sucesso!
[24/11/2024 14:33:19:173] [SUCESSO] Insercao dos dados na tabela acidente_transito feita com sucesso!
[24/11/2024 14:33:19:173] [SUCESSO] Insercao dos dados na tabela acidente_transito feita com sucesso!
[24/11/2024 14:33:19:173] [SUCESSO] Insercao dos dados na tabela acidente_transito feita com sucesso!
[24/11/2024 14:33:19:173] [SUCESSO] Insercao dos dados na tabela acidente_transito feita com sucesso!
[24/11/2024 14:33:19:173] [SUCESSO] Insercao dos dados na tabela acidente_transito feita com sucesso!
[24/11/2024 14:33:19:173] [SUCESSO] Insercao dos dados na tabela acidente_transito feita com sucesso!
[24/11/2024 14:33:20:173] [SUCESSO] Insercao dos dados na tabela acidente_transito feita com sucesso!
[24/11/2024 14:33:20:173] [SUCESSO] Insercao dos dados na tabela acidente_transito feita com sucesso!
[24/11/2024 14:33:20:173] [SUCESSO] Insercao dos dados na tabela acidente_transito feita com sucesso!
[24/11/2024 14:33:20:173] [SUCESSO] Insercao dos dados na tabela acidente_transito feita com sucesso!
[24/11/2024 14:33:20:173] [SUCESSO] Insercao dos dados na tabela acidente_transito feita com sucesso!
[24/11/2024 14:33:21:173] [SUCESSO] Insercao dos dados na tabela acidente_transito feita com sucesso!
[24/11/2024 14:33:21:173] [SUCESSO] Insercao dos dados na tabela acidente_transito feita com sucesso!
[24/11/2024 14:33:21:173] [SUCESSO] Insercao dos dados na tabela acidente_transito feita com sucesso!
[24/11/2024 14:33:21:173] [SUCESSO] Insercao dos dados na tabela acidente_transito feita com sucesso!
[24/11/2024 14:33:22:173] [SUCESSO] Insercao dos dados na tabela acidente_transito feita com sucesso!
[24/11/2024 14:33:22:173] [SUCESSO] Insercao dos dados na tabela acidente_transito feita com sucesso!
[24/11/2024 14:33:23:173] [SUCESSO] Insercao dos dados na tabela acidente_transito feita com sucesso!
[24/11/2024 14:33:23:173] [SUCESSO] Insercao dos dados na tabela acidente_transito feita com sucesso!
[24/11/2024 14:33:23:173] [SUCESSO] Insercao dos dados na tabela acidente_transito feita com sucesso!
[24/11/2024 14:33:24:173] [SUCESSO] Insercao dos dados na tabela acidente_transito feita com sucesso!
[24/11/2024 14:33:24:173] [SUCESSO] Insercao dos dados na tabela acidente_transito feita com sucesso!
[24/11/2024 14:33:24:173] [SUCESSO] Insercao dos dados na tabela acidente_transito feita com sucesso!
[24/11/2024 14:33:25:173] [SUCESSO] Insercao dos dados na tabela acidente_transito feita com sucesso!
[24/11/2024 14:33:25:173] [SUCESSO] Insercao dos dados na tabela acidente_transito feita com sucesso!
[24/11/2024 14:33:26:173] [SUCESSO] Insercao dos dados na tabela acidente_transito feita com sucesso!
[24/11/2024 14:33:26:173] [SUCESSO] Insercao dos dados na tabela acidente_transito feita com sucesso!
[24/11/2024 14:33:26:173] [SUCESSO] Insercao dos dados na tabela acidente_transito feita com sucesso!
[24/11/2024 14:33:27:173] [SUCESSO] Insercao dos dados na tabela acidente_transito feita com sucesso!
[24/11/2024 14:33:27:173] [SUCESSO] Insercao dos dados na tabela acidente_transito feita com sucesso!
[24/11/2024 14:33:27:173] [SUCESSO] Insercao dos dados na tabela acidente_transito feita com sucesso!
[24/11/2024 14:33:27:173] [SUCESSO] Insercao dos dados na tabela acidente_transito feita com sucesso!
[24/11/2024 14:33:28:173] [SUCESSO] Insercao dos dados na tabela acidente_transito feita com sucesso!
[24/11/2024 14:33:28:173] [SUCESSO] Insercao dos dados na tabela acidente_transito feita com sucesso!
[24/11/2024 14:33:28:173] [SUCESSO] Insercao dos dados na tabela acidente_transito feita com sucesso!
[24/11/2024 14:33:28:173] [SUCESSO] Insercao dos dados na tabela acidente_transito feita com sucesso!
[24/11/2024 14:33:29:173] [SUCESSO] Insercao dos dados na tabela acidente_transito feita com sucesso!
[24/11/2024 14:33:29:173] [SUCESSO] Insercao dos dados na tabela acidente_transito feita com sucesso!
[24/11/2024 14:33:29:173] [SUCESSO] Insercao dos dados na tabela acidente_transito feita com sucesso!
[24/11/2024 14:33:30:173] [SUCESSO] Insercao dos dados na tabela acidente_transito feita com sucesso!
[24/11/2024 14:33:30:173] [SUCESSO] Insercao dos dados na tabela acidente_transito feita com sucesso!
[24/11/2024 14:33:30:173] [SUCESSO] Insercao dos dados na tabela acidente_transito feita com sucesso!
[24/11/2024 14:33:31:173] [SUCESSO] Insercao dos dados na tabela acidente_transito feita com sucesso!
[24/11/2024 14:33:31:173] [SUCESSO] Insercao dos dados na tabela acidente_transito feita com sucesso!
[24/11/2024 14:33:31:173] [SUCESSO] Insercao dos dados na tabela acidente_transito feita com sucesso!
[24/11/2024 14:33:32:173] [SUCESSO] Insercao dos dados na tabela acidente_transito feita com sucesso!
[24/11/2024 14:33:32:173] [SUCESSO] Insercao dos dados na tabela acidente_transito feita com sucesso!
[24/11/2024 14:33:32:173] [SUCESSO] Insercao dos dados na tabela acidente_transito feita com sucesso!
[24/11/2024 14:33:32:173] [SUCESSO] Insercao dos dados na tabela acidente_transito feita com sucesso!
[24/11/2024 14:33:33:173] [SUCESSO] Insercao dos dados na tabela acidente_transito feita com sucesso!
[24/11/2024 14:33:33:173] [SUCESSO] Insercao dos dados na tabela acidente_transito feita com sucesso!
[24/11/2024 14:33:33:173] [SUCESSO] Insercao dos dados na tabela acidente_transito feita com sucesso!
[24/11/2024 14:33:34:173] [SUCESSO] Insercao dos dados na tabela acidente_transito feita com sucesso!
[24/11/2024 14:33:34:173] [SUCESSO] Insercao dos dados na tabela acidente_transito feita com sucesso!
[24/11/2024 14:33:34:173] [SUCESSO] Insercao dos dados na tabela acidente_transito feita com sucesso!
[24/11/2024 14:33:35:173] [SUCESSO] Insercao dos dados na tabela acidente_transito feita com sucesso!
[24/11/2024 14:33:36:173] [SUCESSO] Insercao dos dados na tabela acidente_transito feita com sucesso!
[24/11/2024 14:33:37:173] [SUCESSO] Insercao dos dados na tabela acidente_transito feita com sucesso!
[24/11/2024 14:33:38:173] [SUCESSO] Insercao dos dados na tabela acidente_transito feita com sucesso!
[24/11/2024 14:33:39:173] [SUCESSO] Insercao dos dados na tabela acidente_transito feita com sucesso!
[24/11/2024 14:33:39:173] [SUCESSO] Insercao dos dados na tabela acidente_transito feita com sucesso!
[24/11/2024 14:33:40:173] [SUCESSO] Insercao dos dados na tabela acidente_transito feita com sucesso!
[24/11/2024 14:33:40:173] [SUCESSO] Insercao dos dados na tabela acidente_transito feita com sucesso!
[24/11/2024 14:33:41:173] [SUCESSO] Insercao dos dados na tabela acidente_transito feita com sucesso!
[24/11/2024 14:33:41:173] [SUCESSO] Insercao dos dados na tabela acidente_transito feita com sucesso!
[24/11/2024 14:33:42:173] [SUCESSO] Insercao dos dados na tabela acidente_transito feita com sucesso!
[24/11/2024 14:33:42:173] [SUCESSO] Insercao dos dados na tabela acidente_transito feita com sucesso!
[24/11/2024 14:33:43:173] [SUCESSO] Insercao dos dados na tabela acidente_transito feita com sucesso!
[24/11/2024 14:33:44:173] [SUCESSO] Insercao dos dados na tabela acidente_transito feita com sucesso!
[24/11/2024 14:33:45:173] [SUCESSO] Insercao dos dados na tabela acidente_transito feita com sucesso!
[24/11/2024 14:49:11:173] [SUCESSO] Listagem de todos os buckets com sucesso.
[24/11/2024 14:49:13:173] [SUCESSO] Listagem de todos os objetos do bucket s3-tree-technology-teste com sucesso.
[24/11/2024 14:49:14:173] [ERRO] Arquivo 'acidentes - datatran2024.xlsx' já foi processado anteriormente. Processo interrompido.

[24/11/2024 14:49:14:173] [SUCESSO] Total de linhas inseridas: 0
[24/11/2024 14:54:13:173] [SUCESSO] Listagem de todos os buckets com sucesso.
[24/11/2024 14:54:14:173] [SUCESSO] Listagem de todos os objetos do bucket s3-tree-technology-teste com sucesso.
[24/11/2024 14:54:15:173] [ERRO] Arquivo 'acidentes - datatran2024.xlsx' já foi processado anteriormente. Processo interrompido.

[24/11/2024 14:54:15:173] [SUCESSO] Total de linhas inseridas: 0
[24/11/2024 14:58:18:173] [SUCESSO] Listagem de todos os buckets com sucesso.
[24/11/2024 14:58:19:173] [SUCESSO] Listagem de todos os objetos do bucket s3-tree-technology-teste com sucesso.
[24/11/2024 14:58:20:173] [ERRO] Arquivo 'acidentes - datatran2024.xlsx' já foi processado anteriormente. Processo interrompido.

[24/11/2024 14:58:20:173] [SUCESSO] Total de linhas inseridas: 0
[24/11/2024 15:08:31:173] [SUCESSO] Listagem de todos os buckets com sucesso.
[24/11/2024 15:08:32:173] [SUCESSO] Listagem de todos os objetos do bucket s3-tree-technology-teste com sucesso.
[24/11/2024 15:08:33:173] [ERRO] Arquivo 'acidentes - datatran2024.xlsx' já foi processado anteriormente. Processo interrompido.

[24/11/2024 15:08:33:173] [SUCESSO] Total de linhas inseridas: 0
[24/11/2024 15:09:15:173] [SUCESSO] Listagem de todos os buckets com sucesso.
[24/11/2024 15:09:16:173] [SUCESSO] Listagem de todos os objetos do bucket s3-tree-technology-teste com sucesso.
[24/11/2024 15:09:17:173] [ERRO] Arquivo 'acidentes - datatran2024.xlsx' já foi processado anteriormente. Processo interrompido.

[24/11/2024 15:09:17:173] [SUCESSO] Total de linhas inseridas: 0
